<?xml version="1.0" encoding="UTF-8"?>
<testng-results skipped="0" failed="0" ignored="0" total="1" passed="1">
  <reporter-output>
  </reporter-output>
  <suite name="Default suite" duration-ms="103449" started-at="2019-12-17T13:17:43 IST" finished-at="2019-12-17T13:19:27 IST">
    <groups>
    </groups>
    <test name="Default test" duration-ms="103449" started-at="2019-12-17T13:17:43 IST" finished-at="2019-12-17T13:19:27 IST">
      <class name="com.nextClick.gettingNamesFromImages">
        <test-method status="PASS" signature="ImageData()[pri:0, instance:com.nextClick.gettingNamesFromImages@3d99d22e]" name="ImageData" duration-ms="103401" started-at="2019-12-17T13:17:43 IST" finished-at="2019-12-17T13:19:27 IST">
          <reporter-output>
          </reporter-output>
        </test-method> <!-- ImageData -->
      </class> <!-- com.nextClick.gettingNamesFromImages -->
    </test> <!-- Default test -->
  </suite> <!-- Default suite -->
</testng-results>
