<?xml version="1.0" encoding="UTF-8"?>
<testng-results skipped="0" failed="0" ignored="0" total="1" passed="1">
  <reporter-output>
  </reporter-output>
  <suite name="Default suite" duration-ms="46679" started-at="2019-12-23T11:19:38 IST" finished-at="2019-12-23T11:20:24 IST">
    <groups>
    </groups>
    <test name="Default test" duration-ms="46679" started-at="2019-12-23T11:19:38 IST" finished-at="2019-12-23T11:20:24 IST">
      <class name="feron.FeronHealth.feronSingleProductPayment">
        <test-method status="PASS" signature="f()[pri:0, instance:feron.FeronHealth.feronSingleProductPayment@3b084709]" name="f" duration-ms="46643" started-at="2019-12-23T11:19:38 IST" finished-at="2019-12-23T11:20:24 IST">
          <reporter-output>
          </reporter-output>
        </test-method> <!-- f -->
      </class> <!-- feron.FeronHealth.feronSingleProductPayment -->
    </test> <!-- Default test -->
  </suite> <!-- Default suite -->
</testng-results>
